############################################################
              Zynq Internal frequencies log
############################################################


PASSED 


Input Crystal Frequency:     33.333  MHz


PLL frequencies :

********************************************************************************
|                        |    ARM PLL     |   DDR_PLL     |   IO_PLL    |           
********************************************************************************
| Prog Multiplier        |            48            48            48    
| Frequency (MHz)        |      1600.000      1600.000      1600.000    
********************************************************************************



Zynq Peripherals Frequncies :
______________________________________________________________________________________________________________________________________________________

 |  Peripheral   |   Freq Requested (MHz)   |   Freq Achieved (MHz)   |   Clock source   |   Tolerance    |  Prog Divisor 1    |   Prog Divisor 2     
______________________________________________________________________________________________________________________________________________________
 | 
 |           cpu            100.000               100.000                 ARM_PLL             0.000(%)              16        
 | 
 |           ddr            200.000               200.000                 DDR_PLL             0.000(%)               8        
 | 
 |           dci             10.159                10.063                 DDR_PLL             0.946(%)              53               3        
 | 
 |          pcap            200.000               200.000                  IO_PLL             0.000(%)               8        
 | 
 |         fpga0             50.000                50.000                  IO_PLL             0.000(%)              32               1        
 | 
 |         fpga1             50.000                50.000                  IO_PLL             0.000(%)              32               1        
 | 
 |         fpga2             50.000                50.000                  IO_PLL             0.000(%)              32               1        
 | 
 |         fpga3             50.000                50.000                  IO_PLL             0.000(%)              32               1        
 | 
______________________________________________________________________________________________________________________________________________________
